<?xml version="1.0" encoding="UTF-8"?>
<testsuite xmlns:xsi="http://www.w3.org/2001/XMLSchema-instance" xsi:noNamespaceSchemaLocation="https://maven.apache.org/surefire/maven-surefire-plugin/xsd/surefire-test-report-3.0.xsd" version="3.0" name="com.greensupermarket.backend.BackendApplicationTests" time="7.553" tests="1" errors="0" skipped="0" failures="0">
  <properties>
[...]
</properties>
  <testcase name="contextLoads" classname="com.greensupermarket.backend.BackendApplicationTests" time="0.643">
    <system-out><![CDATA[13:47:34.383 [main] INFO org.springframework.test.context.support.AnnotationConfigContextLoaderUtils -- Could not detect default configuration classes for test class [com.greensupermarket.backend.BackendApplicationTests]: BackendApplicationTests does not declare any static, non-private, non-final, nested classes annotated with @Configuration.
13:47:34.535 [main] INFO org.springframework.boot.test.context.SpringBootTestContextBootstrapper -- Found @SpringBootConfiguration com.greensupermarket.backend.BackendApplication for test class com.greensupermarket.backend.BackendApplicationTests

  .   ____          _            __ _ _
 /\\ / ___'_ __ _ _(_)_ __  __ _ \ \ \ \
( ( )\___ | '_ | '_| | '_ \/ _` | \ \ \ \
 \\/  ___)| |_)| | | | | || (_| |  ) ) ) )
  '  |____| .__|_| |_|_| |_\__, | / / / /
 =========|_|==============|___/=/_/_/_/
 :: Spring Boot ::                (v3.2.0)

2023-12-31T13:47:35.076+05:30  INFO 4768 --- [           main] c.g.backend.BackendApplicationTests      : Starting BackendApplicationTests using Java 19.0.2 with PID 4768 (started by athth in D:\Projects\Green_Supermarket\backend)
2023-12-31T13:47:35.078+05:30  INFO 4768 --- [           main] c.g.backend.BackendApplicationTests      : No active profile set, falling back to 1 default profile: "default"
2023-12-31T13:47:36.109+05:30  INFO 4768 --- [           main] .s.d.r.c.RepositoryConfigurationDelegate : Bootstrapping Spring Data JPA repositories in DEFAULT mode.
2023-12-31T13:47:36.227+05:30  INFO 4768 --- [           main] .s.d.r.c.RepositoryConfigurationDelegate : Finished Spring Data repository scanning in 104 ms. Found 4 JPA repository interfaces.
2023-12-31T13:47:37.087+05:30  INFO 4768 --- [           main] o.hibernate.jpa.internal.util.LogHelper  : HHH000204: Processing PersistenceUnitInfo [name: default]
2023-12-31T13:47:37.224+05:30  INFO 4768 --- [           main] org.hibernate.Version                    : HHH000412: Hibernate ORM core version 6.3.1.Final
2023-12-31T13:47:37.265+05:30  INFO 4768 --- [           main] o.h.c.internal.RegionFactoryInitiator    : HHH000026: Second-level cache disabled
2023-12-31T13:47:37.527+05:30  INFO 4768 --- [           main] o.s.o.j.p.SpringPersistenceUnitInfo      : No LoadTimeWeaver setup: ignoring JPA class transformer
2023-12-31T13:47:37.558+05:30  INFO 4768 --- [           main] com.zaxxer.hikari.HikariDataSource       : HikariPool-1 - Starting...
2023-12-31T13:47:37.806+05:30  INFO 4768 --- [           main] com.zaxxer.hikari.pool.HikariPool        : HikariPool-1 - Added connection com.mysql.cj.jdbc.ConnectionImpl@65d73bd
2023-12-31T13:47:37.809+05:30  INFO 4768 --- [           main] com.zaxxer.hikari.HikariDataSource       : HikariPool-1 - Start completed.
2023-12-31T13:47:37.848+05:30  WARN 4768 --- [           main] org.hibernate.dialect.Dialect            : HHH000511: The 5.5.0 version for [org.hibernate.dialect.MySQLDialect] is no longer supported, hence certain features may not work properly. The minimum supported version is 5.7.0. Check the community dialects project for available legacy versions.
2023-12-31T13:47:37.854+05:30  WARN 4768 --- [           main] org.hibernate.orm.deprecation            : HHH90000025: MySQLDialect does not need to be specified explicitly using 'hibernate.dialect' (remove the property setting and it will be selected by default)
2023-12-31T13:47:38.806+05:30  INFO 4768 --- [           main] o.h.e.t.j.p.i.JtaPlatformInitiator       : HHH000489: No JTA platform available (set 'hibernate.transaction.jta.platform' to enable JTA platform integration)
2023-12-31T13:47:38.941+05:30  INFO 4768 --- [           main] j.LocalContainerEntityManagerFactoryBean : Initialized JPA EntityManagerFactory for persistence unit 'default'
2023-12-31T13:47:39.757+05:30  WARN 4768 --- [           main] JpaBaseConfiguration$JpaWebConfiguration : spring.jpa.open-in-view is enabled by default. Therefore, database queries may be performed during view rendering. Explicitly configure spring.jpa.open-in-view to disable this warning
2023-12-31T13:47:40.384+05:30  INFO 4768 --- [           main] o.s.s.web.DefaultSecurityFilterChain     : Will secure any request with [org.springframework.security.web.session.DisableEncodeUrlFilter@1d1da00b, org.springframework.security.web.context.request.async.WebAsyncManagerIntegrationFilter@2db4a84a, org.springframework.security.web.context.SecurityContextHolderFilter@46c61d1, org.springframework.security.web.header.HeaderWriterFilter@76ffd052, org.springframework.web.filter.CorsFilter@5cef5fc9, org.springframework.security.web.authentication.logout.LogoutFilter@238c63df, org.springframework.security.web.authentication.www.BasicAuthenticationFilter@600a1270, org.springframework.security.web.savedrequest.RequestCacheAwareFilter@4bd39edc, org.springframework.security.web.servletapi.SecurityContextHolderAwareRequestFilter@3ba50851, org.springframework.security.web.authentication.AnonymousAuthenticationFilter@b867869, org.springframework.security.web.access.ExceptionTranslationFilter@2821da0a, org.springframework.security.web.access.intercept.AuthorizationFilter@21abd3a3]
2023-12-31T13:47:40.965+05:30  INFO 4768 --- [           main] c.g.backend.BackendApplicationTests      : Started BackendApplicationTests in 6.236 seconds (process running for 7.938)
]]></system-out>
  </testcase>
</testsuite>